<?xml version="1.0" encoding="UTF-8"?>
<!-- Generated by org.testng.reporters.JUnitReportReporter -->
<testsuite hostname="DESKTOP-GARLJAI" failures="0" tests="1" name="TestCases.TC_CreateInstaller" time="20.339" errors="0" timestamp="2024-10-04T13:59:52 IST" skipped="0">
  <testcase classname="TestCases.TC_CreateInstaller" name="Createinstaller" time="20.339"/>
  <system-out/>
</testsuite> <!-- TestCases.TC_CreateInstaller -->
