<?xml version="1.0" encoding="UTF-8"?>
<!-- Generated by org.testng.reporters.JUnitReportReporter -->
<testsuite hostname="DESKTOP-GARLJAI" failures="0" tests="1" name="TestCases.TC_CreatePractitioner" time="22.556" errors="0" timestamp="2024-10-04T15:03:23 IST" skipped="0">
  <testcase classname="TestCases.TC_CreatePractitioner" name="CreatePractitionerAccount" time="22.556"/>
  <system-out/>
</testsuite> <!-- TestCases.TC_CreatePractitioner -->
