<?xml version="1.0" encoding="UTF-8"?>
<!-- Generated by org.testng.reporters.JUnitReportReporter -->
<testsuite hostname="DESKTOP-GARLJAI" failures="0" tests="1" name="TestCases.TC_HccLogin" time="21.093" errors="0" timestamp="2024-10-08T11:34:14 IST" skipped="0">
  <testcase classname="TestCases.TC_HccLogin" name="HCCLOGIN" time="21.093"/>
  <system-out/>
</testsuite> <!-- TestCases.TC_HccLogin -->
